[2026-05-11T22:46:58.336Z] [INFO] Server running on port 5000
[2026-05-15T14:08:31.537Z] [INFO] Server running on port 5000
[2026-05-16T21:17:36.044Z] [INFO] Server running on port 5000
[2026-05-16T22:18:46.620Z] [ERROR] Error: Column count doesn't match value count at row 1
[2026-05-16T22:23:30.119Z] [ERROR] Error: Column count doesn't match value count at row 1
[2026-05-16T22:39:01.251Z] [ERROR] Error: Column count doesn't match value count at row 1
[2026-05-16T22:40:27.425Z] [ERROR] Error: Column count doesn't match value count at row 1
[2026-05-16T22:46:26.476Z] [ERROR] Error: Column count doesn't match value count at row 1
[2026-05-17T07:22:11.541Z] [INFO] Server running on port 5000
[2026-05-17T08:22:06.625Z] [INFO] Resident registered: bekele@gmail.com
[2026-05-17T08:24:30.043Z] [INFO] Resident registered: bekele@gmail.com
[2026-05-17T08:30:23.779Z] [INFO] Resident registered: bekele@gmail.com
[2026-05-17T08:50:06.351Z] [INFO] Resident registered: bekele@gmail.com
[2026-05-17T08:55:59.485Z] [INFO] Resident registered: bekele@gmail.com
[2026-05-17T09:13:10.063Z] [INFO] Resident registered: bekele@gmail.com
[2026-05-17T10:57:01.054Z] [INFO] Server running on port 5000
[2026-05-17T11:14:07.485Z] [INFO] Resident registered: abebe@gmail.com
[2026-05-17T11:19:41.689Z] [INFO] Resident registered: tigist@gmail.ocm
[2026-05-17T11:23:54.223Z] [INFO] Resident registered: dawit@gmail.com
[2026-05-17T11:25:41.709Z] [INFO] Resident registered: marta@gmail.com
[2026-05-17T11:27:46.673Z] [INFO] Resident registered: yohannes@gmail.com
[2026-05-17T11:30:25.287Z] [INFO] Resident registered: selamawit@gmail.com
[2026-05-17T14:02:52.861Z] [INFO] Server running on port 5000
[2026-05-17T14:08:59.666Z] [ERROR] Error: Column count doesn't match value count at row 1
[2026-05-17T14:14:50.723Z] [ERROR] Error: Column count doesn't match value count at row 1
[2026-05-17T14:32:58.745Z] [INFO] Server running on port 5000
[2026-05-17T14:33:52.578Z] [ERROR] Error: Column count doesn't match value count at row 1
[2026-05-17T14:35:50.234Z] [INFO] Server running on port 5000
[2026-05-17T16:56:48.778Z] [INFO] Server running on port 5000
[2026-05-17T16:58:21.411Z] [ERROR] Error: Column count doesn't match value count at row 1
[2026-05-17T17:01:19.583Z] [INFO] Server running on port 5000
[2026-05-17T17:02:08.681Z] [INFO] Admin 1 assigned task 1
[2026-05-17T17:04:37.391Z] [INFO] Admin 1 assigned task 2
[2026-05-17T17:05:54.368Z] [INFO] Admin 1 assigned task 3
[2026-05-17T17:07:28.945Z] [INFO] Admin 1 assigned task 4
[2026-05-17T17:08:51.474Z] [INFO] Admin 1 assigned task 5
[2026-05-17T17:36:51.597Z] [INFO] Server running on port 5000
[2026-05-17T17:39:59.076Z] [ERROR] Error: Column 'role' cannot be null
[2026-05-17T17:41:30.423Z] [ERROR] Error: Column 'role' cannot be null
[2026-05-17T17:47:00.935Z] [INFO] Server running on port 5000
[2026-05-17T17:47:08.700Z] [ERROR] Error: Column 'role' cannot be null
[2026-05-17T18:04:20.934Z] [ERROR] Error: Column 'role' cannot be null
[2026-05-17T18:04:58.175Z] [INFO] Server running on port 5000
[2026-05-17T18:06:21.389Z] [INFO] Server running on port 5000
[2026-05-17T18:09:16.880Z] [INFO] Resident registered: bekanapeter@gmail.com
[2026-05-17T19:34:53.894Z] [INFO] Certificate request 1 created by resident 7
[2026-05-17T19:37:22.710Z] [INFO] Certificate request 2 created by resident 7
[2026-05-17T19:38:52.872Z] [INFO] Certificate request 3 created by resident 7
[2026-05-17T19:40:17.429Z] [INFO] Certificate request 4 created by resident 7
[2026-05-17T20:20:05.666Z] [ERROR] TypeError: Cannot read properties of undefined (reading 'trim')
[2026-05-17T20:20:14.183Z] [ERROR] TypeError: Cannot read properties of undefined (reading 'trim')
[2026-05-17T20:20:22.401Z] [ERROR] TypeError: Cannot read properties of undefined (reading 'trim')
[2026-05-17T20:38:34.688Z] [INFO] Server running on port 5000
[2026-05-17T20:41:00.243Z] [INFO] Server running on port 5000
[2026-05-17T20:52:10.238Z] [INFO] Server running on port 5000
[2026-05-17T21:06:28.297Z] [INFO] Server running on port 5000
[2026-05-17T21:23:14.075Z] [ERROR] Error: Unknown column 'u.firstname' in 'field list'
[2026-05-17T21:23:14.110Z] [ERROR] Error: Unknown column 'u.firstname' in 'field list'
[2026-05-17T21:26:44.404Z] [INFO] Certificate request 5 created by resident 7
[2026-05-17T21:26:47.750Z] [ERROR] Error: Unknown column 'u.firstname' in 'field list'
[2026-05-17T21:26:47.793Z] [ERROR] Error: Unknown column 'u.firstname' in 'field list'
[2026-05-17T21:27:00.906Z] [ERROR] Error: Unknown column 'u.firstname' in 'field list'
[2026-05-17T21:27:00.924Z] [ERROR] Error: Unknown column 'u.firstname' in 'field list'
[2026-05-17T21:29:57.181Z] [ERROR] Error: Unknown column 'u.firstname' in 'field list'
[2026-05-17T21:29:57.218Z] [ERROR] Error: Unknown column 'u.firstname' in 'field list'
[2026-05-17T21:39:25.149Z] [INFO] Certificate request 6 created by resident 7
[2026-05-17T21:47:28.424Z] [ERROR] Error: Unknown column 'u.firstname' in 'field list'
[2026-05-17T21:47:28.431Z] [ERROR] Error: Unknown column 'u.firstname' in 'field list'
[2026-05-17T21:48:45.748Z] [INFO] Server running on port 5000
[2026-05-17T21:53:55.365Z] [ERROR] Error: Unknown column 'u.firstname' in 'field list'
[2026-05-17T21:53:55.379Z] [ERROR] Error: Unknown column 'u.firstname' in 'field list'
[2026-05-17T22:06:37.075Z] [INFO] Server running on port 5000
[2026-05-17T22:07:09.897Z] [ERROR] Error: Unknown column 'u.firstname' in 'field list'
[2026-05-17T22:07:09.914Z] [ERROR] Error: Unknown column 'u.firstname' in 'field list'
[2026-05-18T07:11:02.055Z] [INFO] Server running on port 5000
[2026-05-18T07:13:52.414Z] [ERROR] Error: Unknown column 'u.firstname' in 'field list'
[2026-05-18T07:13:52.517Z] [ERROR] Error: Unknown column 'u.firstname' in 'field list'
[2026-05-18T08:02:07.299Z] [INFO] Server running on port 5000
[2026-05-18T08:03:39.371Z] [ERROR] Error: Unknown column 'u.firstname' in 'field list'
[2026-05-18T08:03:39.407Z] [ERROR] Error: Unknown column 'u.firstname' in 'field list'
[2026-05-18T08:04:50.666Z] [INFO] Certificate request ID Card created by resident 7
[2026-05-18T08:04:54.942Z] [ERROR] Error: Unknown column 'u.firstname' in 'field list'
[2026-05-18T08:04:54.956Z] [ERROR] Error: Unknown column 'u.firstname' in 'field list'
[2026-05-18T08:06:44.963Z] [ERROR] Error: Unknown column 'u.firstname' in 'field list'
[2026-05-18T08:06:45.002Z] [ERROR] Error: Unknown column 'u.firstname' in 'field list'
[2026-05-18T08:53:00.717Z] [ERROR] Error: Unknown column 'u.firstname' in 'field list'
[2026-05-18T08:53:00.778Z] [ERROR] Error: Unknown column 'u.firstname' in 'field list'
[2026-05-18T08:53:26.015Z] [ERROR] Error: Unknown column 'u.firstname' in 'field list'
[2026-05-18T08:53:26.023Z] [ERROR] Error: Unknown column 'u.firstname' in 'field list'
[2026-05-18T08:58:23.216Z] [INFO] Migration: added certificates.assigned_staff_user_id
[2026-05-18T08:58:23.787Z] [INFO] Migration: added certificates.assigned_by_user_id
[2026-05-18T08:58:23.866Z] [INFO] Migration: added certificates.assigned_at
[2026-05-18T08:58:23.944Z] [INFO] Migration: added certificates.rejection_reason
[2026-05-18T08:58:24.081Z] [INFO] Migration: added certificates.prepared_by_user_id
[2026-05-18T08:58:24.227Z] [INFO] Migration: added certificates.ready_for_approval_at
[2026-05-18T08:58:26.070Z] [INFO] Migration: FK fk_certificates_assigned_staff
[2026-05-18T08:58:28.052Z] [INFO] Migration: FK fk_certificates_assigned_by
[2026-05-18T08:58:29.917Z] [INFO] Migration: FK fk_certificates_prepared_by
[2026-05-18T08:58:34.538Z] [INFO] Migration: certificates.status enum upgraded for workflow
[2026-05-18T08:58:34.558Z] [INFO] Server running on port 5000
[2026-05-18T08:59:43.809Z] [ERROR] Error: Unknown column 'u.firstname' in 'field list'
[2026-05-18T08:59:43.818Z] [ERROR] Error: Unknown column 'u.firstname' in 'field list'
[2026-05-18T09:02:32.708Z] [ERROR] Error: Unknown column 'u.firstname' in 'field list'
[2026-05-18T09:02:32.720Z] [ERROR] Error: Unknown column 'u.firstname' in 'field list'
[2026-05-18T09:03:36.483Z] [INFO] Certificate request 7 created by resident 7
[2026-05-18T09:03:39.768Z] [ERROR] Error: Unknown column 'u.firstname' in 'field list'
[2026-05-18T09:03:39.778Z] [ERROR] Error: Unknown column 'u.firstname' in 'field list'
[2026-05-18T09:03:54.668Z] [ERROR] Error: Unknown column 'u.firstname' in 'field list'
[2026-05-18T09:03:54.676Z] [ERROR] Error: Unknown column 'u.firstname' in 'field list'
[2026-05-18T09:07:45.308Z] [INFO] Server running on port 5000
[2026-05-18T09:29:07.011Z] [INFO] Server running on port 5000
[2026-05-18T09:29:41.631Z] [INFO] Admin 1 assigned certificate 7 to staff 2
[2026-05-18T09:46:32.300Z] [INFO] Server running on port 5000
[2026-05-18T10:13:43.653Z] [INFO] Server running on port 5000
[2026-05-18T17:00:09.431Z] [INFO] Server running on port 5000
[2026-05-18T18:05:18.666Z] [INFO] Server running on port 5000
[2026-05-18T18:08:48.119Z] [INFO] Server running on port 5000
[2026-05-18T18:36:55.447Z] [INFO] Server running on port 5000
[2026-05-18T19:07:20.752Z] [INFO] Server running on port 5000
[2026-05-18T19:09:44.727Z] [INFO] Staff 2 started processing certificate 7
[2026-05-18T19:11:09.585Z] [INFO] Staff 2 marked certificate 7 ready for approval
[2026-05-18T19:19:46.274Z] [INFO] Admin 1 approved certificate 7
[2026-05-18T19:35:56.384Z] [INFO] Admin 1 assigned certificate 6 to staff 3
[2026-05-18T19:39:03.532Z] [INFO] Staff 3 started processing certificate 6
[2026-05-18T19:40:38.680Z] [INFO] Staff 3 marked certificate 6 ready for approval
[2026-05-18T19:43:07.408Z] [INFO] Admin 1 approved certificate 6
[2026-05-18T20:47:03.476Z] [INFO] Resident registered: biruk@gmail.com
[2026-05-18T21:56:31.453Z] [INFO] Certificate request ID Card created by resident 9
[2026-05-18T22:30:04.496Z] [INFO] Server running on port 5000
[2026-05-18T22:33:50.018Z] [INFO] Certificate request 8 created by resident 9
[2026-05-18T23:32:12.226Z] [INFO] Server running on port 5000
[2026-05-18T23:40:05.722Z] [INFO] Server running on port 5000
[2026-05-18T23:40:23.480Z] [INFO] Admin 1 assigned certificate 8 to staff 5
[2026-05-18T23:42:01.167Z] [INFO] Staff 5 prepared certificate 8 for admin approval
[2026-05-18T23:43:28.534Z] [INFO] Admin 1 approved certificate 8
[2026-05-19T06:32:32.454Z] [INFO] Server running on port 5000
[2026-05-19T06:55:55.453Z] [INFO] Server running on port 5000
[2026-05-19T07:07:17.813Z] [INFO] Server running on port 5000
[2026-05-19T07:09:32.307Z] [INFO] Feedback submitted by resident 9
[2026-05-19T07:27:54.122Z] [INFO] Server running on port 5000
[2026-05-19T08:39:52.040Z] [INFO] Admin 1 assigned task 9
[2026-05-19T08:43:40.666Z] [INFO] Feedback submitted by resident 9
[2026-05-19T08:44:56.865Z] [INFO] Admin 1 assigned task 10
[2026-05-19T09:09:08.531Z] [INFO] Server running on port 5000
[2026-05-19T09:13:25.821Z] [INFO] Server running on port 5000
[2026-05-19T09:29:28.946Z] [INFO] Certificate request 9 created by resident 7
[2026-05-19T09:30:09.703Z] [INFO] Admin 1 assigned certificate 9 to staff 4
[2026-05-19T09:31:25.602Z] [INFO] Staff 4 prepared certificate 9 for admin approval
[2026-05-19T09:32:02.039Z] [INFO] Admin 1 approved certificate 9
[2026-05-19T10:38:56.072Z] [INFO] Server running on port 5000
[2026-05-19T10:53:09.399Z] [INFO] Server running on port 5000
[2026-05-19T11:16:05.826Z] [INFO] Server running on port 5000
[2026-05-19T12:18:10.790Z] [INFO] Server running on port 5000
[2026-05-19T12:40:26.625Z] [INFO] Server running on port 5000
[2026-05-19T12:40:41.221Z] [ERROR] Error: secretOrPrivateKey must have a value
[2026-05-19T12:41:29.940Z] [INFO] Server running on port 5000
[2026-05-19T12:57:53.505Z] [INFO] Server running on port 5000
[2026-05-19T16:17:45.619Z] [INFO] Server running on port 5000
[2026-05-19T16:34:56.271Z] [INFO] Admin 1 assigned certificate 5 to staff 2
[2026-05-19T16:36:38.481Z] [INFO] Staff 2 started processing certificate 5
[2026-05-19T16:37:12.905Z] [INFO] Staff 2 prepared certificate 5 for admin approval
[2026-05-19T16:40:04.507Z] [INFO] Admin 1 approved certificate 5
[2026-05-19T17:48:07.113Z] [INFO] Server running on port 5000
[2026-05-20T07:43:46.801Z] [INFO] Server running on port 5000
[2026-05-20T07:56:41.709Z] [INFO] Certificate request 10 created by resident 9
[2026-05-20T07:57:42.523Z] [INFO] Admin 1 assigned certificate 10 to staff 3
[2026-05-20T07:59:04.551Z] [INFO] Staff 3 prepared certificate 10 for admin approval
[2026-05-20T08:08:19.715Z] [INFO] Admin 1 approved certificate 10
[2026-05-20T08:41:24.362Z] [INFO] Migration: added certificates.child_photo_path
[2026-05-20T08:41:24.744Z] [INFO] Migration: added certificates.deceased_photo_path
[2026-05-20T08:41:24.830Z] [INFO] Migration: added certificates.husband_photo_path
[2026-05-20T08:41:24.953Z] [INFO] Migration: added certificates.wife_photo_path
[2026-05-20T08:41:25.069Z] [INFO] Migration: added certificates.husband_birth_date
[2026-05-20T08:41:25.187Z] [INFO] Migration: added certificates.husband_birth_place
[2026-05-20T08:41:25.287Z] [INFO] Migration: added certificates.wife_birth_date
[2026-05-20T08:41:25.387Z] [INFO] Migration: added certificates.wife_birth_place
[2026-05-20T08:41:25.462Z] [INFO] Server running on port 5000
[2026-05-20T09:13:56.850Z] [ERROR] Error: You have an error in your SQL syntax; check the manual that corresponds to your MariaDB server version for the right syntax to use near '?, 'pending')' at line 28
[2026-05-20T09:20:32.828Z] [INFO] Server running on port 5000
[2026-05-20T09:20:39.518Z] [INFO] Certificate request 11 created by resident 9
[2026-05-20T09:22:17.214Z] [INFO] Admin 1 assigned certificate 11 to staff 2
[2026-05-20T09:23:20.295Z] [INFO] Staff 2 prepared certificate 11 for admin approval
[2026-05-20T09:23:54.186Z] [INFO] Admin 1 approved certificate 11
[2026-05-20T10:08:45.898Z] [INFO] Migration: added certificates.hospital_evidence_path
[2026-05-20T10:08:46.090Z] [INFO] Migration: added certificates.deceased_resident_id
[2026-05-20T10:08:46.183Z] [INFO] Server running on port 5000
[2026-05-20T11:01:36.890Z] [INFO] Server running on port 5000
[2026-05-20T11:05:13.842Z] [ERROR] Unhandled: Only image uploads are allowed
[2026-05-20T13:58:30.054Z] [INFO] Server running on port 5000
[2026-05-20T14:07:34.968Z] [INFO] Certificate request 12 created by resident 9
[2026-05-20T14:11:49.879Z] [INFO] Admin 1 assigned certificate 12 to staff 3
[2026-05-20T14:13:21.549Z] [INFO] Staff 3 prepared certificate 12 for admin approval
[2026-05-20T14:17:58.724Z] [INFO] Admin 1 approved certificate 12
[2026-05-23T21:55:42.424Z] [INFO] Server running on port 5000
[2026-05-23T22:03:26.358Z] [INFO] Resident registered, awaiting OTP verification: peterbekana35@gmail.com
[2026-05-23T22:50:05.842Z] [INFO] Resident registered, awaiting OTP verification: peterbekana35@gmail.com
[2026-05-24T07:42:04.088Z] [INFO] Server running on port 5000
[2026-05-24T08:01:25.926Z] [INFO] Resident registered, awaiting OTP verification: peterbekana79@gmail.com
[2026-05-24T08:12:33.276Z] [INFO] Server running on port 5000
[2026-05-24T08:23:39.241Z] [INFO] Server running on port 5000
[2026-05-24T08:24:09.555Z] [INFO] Resident registered, awaiting OTP verification: peterbekana35@gmail.com
[2026-05-24T08:28:59.388Z] [INFO] Resident registered, awaiting OTP verification: peterbekana35@gmail.com
[2026-05-24T08:31:29.947Z] [INFO] User verified OTP successfully: peterbekana35@gmail.com
[2026-05-24T08:35:08.808Z] [INFO] Server running on port 5000
[2026-05-24T08:40:39.593Z] [INFO] Resident registered, awaiting OTP verification: peterbekana35@gmail.com
[2026-05-24T08:47:14.427Z] [INFO] Server running on port 5000
[2026-05-24T08:50:43.441Z] [INFO] Resident registered, awaiting OTP verification: bekanapeter@gmail.com
[2026-05-24T08:57:55.993Z] [INFO] Resident registered, awaiting OTP verification: peterbekana35@gmail.com
[2026-05-24T08:59:33.184Z] [INFO] Server running on port 5000
[2026-05-24T09:07:54.432Z] [INFO] Server running on port 5000
[2026-05-24T09:08:13.346Z] [INFO] Registration OTP email sent to: bekanapeter@gmail.com
[2026-05-24T09:08:13.574Z] [INFO] Resident registered, awaiting OTP verification: bekanapeter@gmail.com
[2026-05-24T09:13:01.395Z] [INFO] Registration OTP email sent to: peterbekana35@gmail.com
[2026-05-24T09:13:01.492Z] [INFO] Resident registered, awaiting OTP verification: peterbekana35@gmail.com
[2026-05-24T09:15:22.798Z] [INFO] Server running on port 5000
[2026-05-24T09:18:53.905Z] [INFO] Server running on port 5000
[2026-05-24T09:24:34.029Z] [INFO] Registration OTP email sent to: peterbekana35@gmail.com
[2026-05-24T09:24:34.053Z] [INFO] Resident registered, awaiting OTP verification: peterbekana35@gmail.com
[2026-05-24T09:28:44.809Z] [INFO] Registration OTP email sent to: peterbekana35@gmail.com
[2026-05-24T09:28:44.864Z] [INFO] Resident registered, awaiting OTP verification: peterbekana35@gmail.com
[2026-05-24T09:38:51.414Z] [INFO] Server running on port 5000
[2026-05-24T09:39:25.428Z] [INFO] Registration OTP email sent to: bekanapeter@gmail.com
[2026-05-24T09:39:25.803Z] [INFO] Resident registered, awaiting OTP verification: bekanapeter@gmail.com
[2026-05-24T09:39:31.361Z] [INFO] Resent OTP to unverified user: bekanapeter@gmail.com
[2026-05-24T09:44:51.917Z] [INFO] Registration OTP email sent to: peterbekana35@gmail.com
[2026-05-24T09:44:51.957Z] [INFO] Resident registered, awaiting OTP verification: peterbekana35@gmail.com
[2026-05-24T09:46:10.168Z] [INFO] User verified OTP successfully: peterbekana35@gmail.com
[2026-05-24T09:48:12.649Z] [INFO] Certificate request 13 created by resident 25
[2026-05-24T09:49:27.913Z] [INFO] Admin 1 assigned certificate 13 to staff 5
[2026-05-24T09:53:19.023Z] [INFO] Staff 5 prepared certificate 13 for admin approval
[2026-05-24T09:53:54.670Z] [INFO] Admin 1 approved certificate 13
[2026-05-24T10:51:54.752Z] [INFO] Server running on port 5000
[2026-05-24T10:53:52.068Z] [INFO] Server running on port 5000
[2026-05-24T11:00:16.567Z] [INFO] Certificate request 14 created by resident 8
[2026-05-24T11:00:50.566Z] [INFO] Admin 1 assigned certificate 14 to staff 5
[2026-05-24T11:02:26.239Z] [INFO] Staff 5 prepared certificate 14 for admin approval
[2026-05-24T11:03:04.176Z] [INFO] Admin 1 approved certificate 14
[2026-05-24T11:26:28.982Z] [INFO] Server running on port 5000
[2026-05-24T11:28:31.163Z] [INFO] Server running on port 5000
[2026-05-24T11:36:36.009Z] [INFO] Certificate request 15 created by resident 24
[2026-05-24T11:37:24.996Z] [INFO] Admin 1 assigned certificate 15 to staff 5
[2026-05-24T11:38:45.730Z] [INFO] Staff 5 prepared certificate 15 for admin approval
[2026-05-24T11:40:11.423Z] [INFO] Admin 1 approved certificate 15
[2026-05-24T18:34:57.431Z] [INFO] Server running on port 5000
[2026-05-24T18:44:26.272Z] [INFO] Server running on port 5000
[2026-05-24T18:46:15.288Z] [INFO] Certificate request 16 created by resident 23
[2026-05-24T18:46:55.968Z] [INFO] Admin 1 assigned certificate 16 to staff 5
[2026-05-24T18:48:29.983Z] [INFO] Staff 5 prepared certificate 16 for admin approval
[2026-05-24T18:49:09.798Z] [INFO] Admin 1 approved certificate 16
[2026-05-24T19:03:40.364Z] [INFO] Server running on port 5000
[2026-05-24T19:25:17.558Z] [INFO] Server running on port 5000
[2026-05-24T19:28:06.864Z] [INFO] Certificate request 17 created by resident 22
[2026-05-24T19:28:32.900Z] [INFO] Admin 1 assigned certificate 17 to staff 5
[2026-05-24T19:39:35.640Z] [INFO] Staff 5 started task 8
[2026-05-24T19:46:58.104Z] [INFO] Staff 5 prepared certificate 17 for admin approval
[2026-05-24T19:49:04.370Z] [INFO] Admin 1 approved certificate 17
[2026-05-25T05:24:01.190Z] [INFO] Server running on port 5000
[2026-05-25T08:18:54.577Z] [INFO] Admin 1 assigned task 11
[2026-05-25T08:44:31.568Z] [INFO] Server running on port 5000
[2026-05-25T09:10:28.680Z] [INFO] Admin 1 assigned certificate 4 to staff 2
[2026-05-25T10:26:06.484Z] [INFO] Server running on port 5000
[2026-05-25T10:31:01.556Z] [INFO] Server running on port 5000
[2026-05-25T10:57:55.027Z] [INFO] Server running on port 5000
[2026-05-25T11:16:27.035Z] [INFO] Server running on port 5000
[2026-05-25T12:05:36.094Z] [INFO] Server running on port 5000
[2026-05-25T12:05:51.012Z] [ERROR] ReferenceError: getResident is not defined
[2026-05-25T12:05:51.104Z] [ERROR] ReferenceError: getResident is not defined
[2026-05-25T12:05:53.819Z] [ERROR] ReferenceError: getResident is not defined
[2026-05-25T12:05:53.857Z] [ERROR] ReferenceError: getResident is not defined
[2026-05-25T12:06:26.873Z] [ERROR] ReferenceError: getResident is not defined
[2026-05-25T12:06:26.910Z] [ERROR] ReferenceError: getResident is not defined
[2026-05-25T12:06:31.960Z] [ERROR] Error: Unknown column 'email' in 'field list'
[2026-05-25T12:06:49.177Z] [ERROR] ReferenceError: getResident is not defined
[2026-05-25T12:06:49.202Z] [ERROR] ReferenceError: getResident is not defined
[2026-05-25T12:06:52.298Z] [ERROR] Error: Unknown column 'email' in 'field list'
[2026-05-25T12:06:57.005Z] [ERROR] ReferenceError: getResident is not defined
[2026-05-25T12:06:57.019Z] [ERROR] ReferenceError: getResident is not defined
[2026-05-25T12:07:02.892Z] [ERROR] ReferenceError: getResident is not defined
[2026-05-25T12:07:02.958Z] [ERROR] ReferenceError: getResident is not defined
[2026-05-25T12:07:14.786Z] [ERROR] Error: Unknown column 'email' in 'field list'
[2026-05-25T12:07:23.564Z] [ERROR] ReferenceError: getResident is not defined
[2026-05-25T12:07:23.587Z] [ERROR] ReferenceError: getResident is not defined
[2026-05-25T12:07:36.069Z] [ERROR] ReferenceError: getResident is not defined
[2026-05-25T12:07:36.075Z] [ERROR] ReferenceError: getResident is not defined
[2026-05-25T12:07:42.490Z] [ERROR] Error: Unknown column 'email' in 'field list'
[2026-05-25T12:07:51.714Z] [ERROR] ReferenceError: getResident is not defined
[2026-05-25T12:07:51.729Z] [ERROR] ReferenceError: getResident is not defined
[2026-05-25T12:07:55.001Z] [ERROR] Error: Unknown column 'email' in 'field list'
[2026-05-25T13:23:55.237Z] [INFO] Server running on port 5000
[2026-05-25T13:24:16.164Z] [ERROR] ReferenceError: getResident is not defined
[2026-05-25T13:24:16.246Z] [ERROR] ReferenceError: getResident is not defined
[2026-05-25T13:24:26.909Z] [ERROR] Error: Unknown column 'email' in 'field list'
[2026-05-25T13:24:31.321Z] [ERROR] ReferenceError: getResident is not defined
[2026-05-25T13:24:31.336Z] [ERROR] ReferenceError: getResident is not defined
[2026-05-25T13:34:03.690Z] [INFO] Server running on port 5000
[2026-05-25T13:34:21.858Z] [ERROR] Error: Unknown column 'email' in 'field list'
[2026-05-25T13:34:24.970Z] [ERROR] ReferenceError: getResident is not defined
[2026-05-25T13:34:24.996Z] [ERROR] ReferenceError: getResident is not defined
[2026-05-25T13:35:05.183Z] [ERROR] ReferenceError: getResident is not defined
[2026-05-25T13:35:05.209Z] [ERROR] ReferenceError: getResident is not defined
[2026-05-25T13:35:09.388Z] [ERROR] Error: Unknown column 'email' in 'field list'
[2026-05-25T13:36:21.398Z] [INFO] Server running on port 5000
[2026-05-25T13:37:21.942Z] [INFO] Server running on port 5000
[2026-05-25T13:37:30.127Z] [ERROR] ReferenceError: getResident is not defined
[2026-05-25T13:37:30.148Z] [ERROR] ReferenceError: getResident is not defined
[2026-05-25T13:37:32.662Z] [ERROR] Error: Unknown column 'email' in 'field list'
[2026-05-25T13:38:04.391Z] [ERROR] ReferenceError: getResident is not defined
[2026-05-25T13:38:04.402Z] [ERROR] ReferenceError: getResident is not defined
[2026-05-25T13:38:20.630Z] [ERROR] ReferenceError: getResident is not defined
[2026-05-25T13:38:20.658Z] [ERROR] ReferenceError: getResident is not defined
[2026-05-25T13:38:25.879Z] [ERROR] ReferenceError: getResident is not defined
[2026-05-25T13:38:25.903Z] [ERROR] ReferenceError: getResident is not defined
[2026-05-25T13:38:28.891Z] [ERROR] Error: Unknown column 'email' in 'field list'
[2026-05-25T13:45:32.849Z] [INFO] Server running on port 5000
[2026-05-25T16:39:09.489Z] [INFO] Server running on port 5000
[2026-05-25T16:42:08.445Z] [INFO] Registration OTP email sent to: bekanapeter@gmail.com
[2026-05-25T16:42:08.573Z] [INFO] Resident registered, awaiting OTP verification: bekanapeter@gmail.com
[2026-05-25T16:42:37.713Z] [INFO] User verified OTP successfully: bekanapeter@gmail.com
[2026-05-25T17:33:00.696Z] [INFO] Server running on port 5000
[2026-05-25T17:33:14.112Z] [ERROR] Error: Unknown column 'fr.family_member_id' in 'on clause'
[2026-05-25T17:33:14.130Z] [ERROR] Error: Unknown column 'fr.family_member_id' in 'on clause'
[2026-05-25T17:33:19.529Z] [ERROR] Error: Unknown column 'fr.family_member_id' in 'on clause'
[2026-05-25T17:33:19.590Z] [ERROR] Error: Unknown column 'fr.family_member_id' in 'on clause'
[2026-05-25T17:33:51.826Z] [ERROR] Error: Unknown column 'fr.family_member_id' in 'on clause'
[2026-05-25T17:33:51.844Z] [ERROR] Error: Unknown column 'fr.family_member_id' in 'on clause'
[2026-05-25T17:33:58.819Z] [ERROR] Error: Unknown column 'fr.family_member_id' in 'on clause'
[2026-05-25T17:33:58.840Z] [ERROR] Error: Unknown column 'fr.family_member_id' in 'on clause'
[2026-05-25T17:34:15.754Z] [ERROR] Error: Unknown column 'fr.family_member_id' in 'on clause'
[2026-05-25T17:34:15.768Z] [ERROR] Error: Unknown column 'fr.family_member_id' in 'on clause'
[2026-05-25T17:34:33.021Z] [ERROR] Error: Unknown column 'fr.family_member_id' in 'on clause'
[2026-05-25T17:34:33.030Z] [ERROR] Error: Unknown column 'fr.family_member_id' in 'on clause'
[2026-05-25T17:39:11.024Z] [INFO] Server running on port 5000
[2026-05-25T18:04:19.660Z] [INFO] Server running on port 5000
[2026-05-25T18:17:25.817Z] [INFO] Server running on port 5000
[2026-05-25T18:56:40.360Z] [INFO] Server running on port 5000
[2026-05-25T20:11:40.227Z] [INFO] Server running on port 5000
[2026-05-25T20:12:55.294Z] [INFO] Certificate request 18 created by resident 7
[2026-05-25T20:14:05.452Z] [INFO] Admin 1 assigned certificate 18 to staff 5
[2026-05-25T20:16:54.139Z] [INFO] Admin 1 assigned task 12
[2026-05-25T20:19:18.303Z] [INFO] Staff 5 prepared certificate 18 for admin approval
[2026-05-25T20:20:05.375Z] [INFO] Admin 1 approved certificate 18
[2026-05-25T20:38:40.689Z] [INFO] Server running on port 5000
[2026-05-25T20:43:26.529Z] [INFO] Certificate request 19 created by resident 7
[2026-05-25T20:45:28.009Z] [INFO] Admin 1 assigned task 13
[2026-05-25T20:46:53.596Z] [INFO] Admin 1 assigned certificate 19 to staff 5
[2026-05-25T20:47:45.886Z] [INFO] Staff 5 started task 13
[2026-05-25T20:48:16.685Z] [INFO] Staff 5 prepared certificate 19 for admin approval
[2026-05-25T20:49:03.895Z] [INFO] Admin 1 approved certificate 19
[2026-05-25T20:51:37.606Z] [INFO] Certificate request 20 created by resident 7
[2026-05-25T20:53:09.271Z] [INFO] Admin 1 assigned task 14
[2026-05-25T20:54:57.097Z] [INFO] Admin 1 assigned certificate 20 to staff 2
[2026-05-25T20:55:41.086Z] [INFO] Staff 2 prepared certificate 20 for admin approval
[2026-05-25T20:56:06.103Z] [INFO] Admin 1 approved certificate 20
[2026-05-25T21:12:30.666Z] [INFO] Server running on port 5000
[2026-05-25T21:15:24.545Z] [INFO] Certificate request 21 created by resident 7
[2026-05-25T21:16:23.664Z] [INFO] Admin 1 assigned task 15
[2026-05-25T21:16:37.058Z] [INFO] Admin 1 assigned certificate 21 to staff 5
[2026-05-25T21:56:59.219Z] [INFO] Server running on port 5000
[2026-05-25T21:57:36.922Z] [INFO] Staff 5 prepared certificate 21 for admin approval
[2026-05-25T21:57:55.381Z] [INFO] Admin 1 approved certificate 21
[2026-05-25T21:58:23.766Z] [INFO] [PDF] Certificate ID: 21, Type: residency-id
[2026-05-25T21:58:23.767Z] [INFO] [PDF] Resident: Gemechu Daba
[2026-05-25T21:58:23.767Z] [INFO] [PDF] Phone: 0911223344, Occupation: Farmer
[2026-05-25T21:58:23.768Z] [INFO] [PDF RESIDENCY] Gender: male, DOB: null, Birthplace: undefined
[2026-05-25T21:58:23.768Z] [INFO] [PDF RESIDENCY] Father: Daba Gurmessa, Mother: Hawwe Boru, Spouse: Tigist Alemu
[2026-05-25T21:58:23.768Z] [INFO] [PDF RESIDENCY] Address: Kebele 02, Jimma, H-101
[2026-05-25T21:58:23.769Z] [INFO] [PDF] Calling generateCertificate with certificate object containing 65 fields
[2026-05-25T22:33:06.868Z] [INFO] Server running on port 5000
[2026-05-25T22:37:02.125Z] [INFO] Certificate request 22 created by resident 7
[2026-05-25T22:38:25.634Z] [INFO] Admin 1 assigned task 16
[2026-05-25T22:38:46.047Z] [INFO] Admin 1 assigned certificate 22 to staff 5
[2026-05-25T22:40:32.660Z] [INFO] Staff 5 prepared certificate 22 for admin approval
[2026-05-25T22:40:54.626Z] [INFO] Admin 1 approved certificate 22
[2026-05-25T22:41:12.292Z] [INFO] [PDF] Certificate ID: 22, Type: residency-id
[2026-05-25T22:41:12.292Z] [INFO] [PDF] Resident: Gemechu Daba
[2026-05-25T22:41:12.293Z] [INFO] [PDF] Phone: 0911223344, Occupation: Farmer
[2026-05-25T22:41:12.305Z] [INFO] [PDF RESIDENCY] Gender: undefined, DOB: null, Birthplace: undefined
[2026-05-25T22:41:12.306Z] [INFO] [PDF RESIDENCY] Father: null, Mother: null, Spouse: Tigist Alemu
[2026-05-25T22:41:12.307Z] [INFO] [PDF RESIDENCY] Address: Kebele 02, Jimma, H-101
[2026-05-25T22:41:12.307Z] [INFO] [PDF] Calling generateCertificate with certificate object containing 67 fields
[2026-05-25T22:51:56.096Z] [INFO] Server running on port 5000
[2026-05-25T22:53:24.487Z] [INFO] Certificate request 23 created by resident 7
[2026-05-25T22:55:46.151Z] [INFO] Admin 1 assigned task 17
[2026-05-25T22:55:58.590Z] [INFO] Admin 1 assigned certificate 23 to staff 5
[2026-05-25T22:56:48.482Z] [INFO] Staff 5 prepared certificate 23 for admin approval
[2026-05-25T22:58:13.894Z] [INFO] Admin 1 approved certificate 23
[2026-05-25T22:58:37.442Z] [INFO] [PDF] Certificate ID: 23, Type: residency-id
[2026-05-25T22:58:37.442Z] [INFO] [PDF] Resident: Gemechu Daba
[2026-05-25T22:58:37.443Z] [INFO] [PDF] Phone: 0911223344, Occupation: Farmer
[2026-05-25T22:58:37.443Z] [INFO] [PDF RESIDENCY] Gender: undefined, DOB: null, Birthplace: undefined
[2026-05-25T22:58:37.444Z] [INFO] [PDF RESIDENCY] Father: null, Mother: null, Spouse: Tigist Alemu
[2026-05-25T22:58:37.444Z] [INFO] [PDF RESIDENCY] Address: Kebele 02, Jimma, H-101
[2026-05-25T22:58:37.445Z] [INFO] [PDF] Calling generateCertificate with certificate object containing 67 fields
[2026-05-25T23:10:29.291Z] [INFO] Death report 1 created by resident 7
[2026-05-25T23:13:09.952Z] [ERROR] Unhandled: Unexpected field
[2026-05-25T23:24:09.713Z] [ERROR] Unhandled: Unexpected field
[2026-05-25T23:25:37.936Z] [ERROR] Unhandled: Only image uploads are allowed
[2026-05-25T23:26:18.134Z] [ERROR] Unhandled: Unexpected field
[2026-05-25T23:37:13.914Z] [INFO] Server running on port 5000
[2026-05-25T23:39:56.993Z] [INFO] Server running on port 5000
[2026-05-25T23:43:18.772Z] [ERROR] Unhandled: Only image uploads are allowed for photo fields
[2026-05-25T23:45:15.679Z] [ERROR] Unhandled: Only image uploads are allowed for photo fields
[2026-05-25T23:51:43.148Z] [INFO] Server running on port 5000
[2026-05-25T23:52:57.144Z] [INFO] Server running on port 5000
[2026-05-25T23:53:12.710Z] [ERROR] Unhandled: Only image uploads are allowed for photo fields
[2026-05-25T23:54:46.231Z] [ERROR] Unhandled: Only image uploads are allowed for photo fields
[2026-05-25T23:55:51.785Z] [INFO] Death report 2 created by resident 7
[2026-05-26T00:30:53.302Z] [INFO] Server running on port 5000
[2026-05-26T00:35:16.044Z] [ERROR] Unhandled: Only image uploads are allowed for photo fields
[2026-05-26T00:36:08.831Z] [INFO] Server running on port 5000
[2026-05-26T00:37:03.326Z] [INFO] Death report 3 created by resident 7
[2026-05-26T00:37:25.580Z] [INFO] Certificate request 24 created by resident 7
[2026-05-26T00:38:56.297Z] [INFO] Admin 1 assigned task 18
[2026-05-26T00:39:10.533Z] [INFO] Admin 1 assigned certificate 24 to staff 4
[2026-05-26T00:39:49.732Z] [INFO] Staff 4 prepared certificate 24 for admin approval
[2026-05-26T00:40:17.557Z] [INFO] [PDF] Certificate ID: 23, Type: residency-id
[2026-05-26T00:40:17.558Z] [INFO] [PDF] Resident: Gemechu Daba
[2026-05-26T00:40:17.558Z] [INFO] [PDF] Phone: 0911223344, Occupation: Farmer
[2026-05-26T00:40:17.559Z] [INFO] [PDF RESIDENCY] Gender: undefined, DOB: null, Birthplace: undefined
[2026-05-26T00:40:17.559Z] [INFO] [PDF RESIDENCY] Father: null, Mother: null, Spouse: Tigist Alemu
[2026-05-26T00:40:17.559Z] [INFO] [PDF RESIDENCY] Address: Kebele 02, Jimma, H-101
[2026-05-26T00:40:17.560Z] [INFO] [PDF] Calling generateCertificate with certificate object containing 67 fields
[2026-05-26T00:40:39.873Z] [INFO] Admin 1 approved certificate 24
[2026-05-26T00:41:00.217Z] [INFO] [PDF] Certificate ID: 24, Type: death
[2026-05-26T00:41:00.218Z] [INFO] [PDF] Resident: Gemechu Daba
[2026-05-26T00:41:00.218Z] [INFO] [PDF] Phone: 0911223344, Occupation: Farmer
[2026-05-26T00:41:00.218Z] [INFO] [PDF DEATH] Deceased: Chaltu Roba, DOD: null, Cause: null
[2026-05-26T00:41:00.218Z] [INFO] [PDF] Calling generateCertificate with certificate object containing 70 fields
[2026-05-26T00:49:24.718Z] [INFO] Server running on port 5000
[2026-05-26T00:50:40.301Z] [INFO] Death report 4 created by resident 7
[2026-05-26T00:50:59.873Z] [INFO] Certificate request 25 created by resident 7
[2026-05-26T00:51:43.081Z] [INFO] Admin 1 assigned certificate 25 to staff 4
[2026-05-26T00:52:33.969Z] [INFO] Staff 4 prepared certificate 25 for admin approval
[2026-05-26T00:53:00.003Z] [INFO] Admin 1 approved certificate 25
[2026-05-26T00:53:19.233Z] [INFO] [PDF] Certificate ID: 25, Type: death
[2026-05-26T00:53:19.234Z] [INFO] [PDF] Resident: Gemechu Daba
[2026-05-26T00:53:19.234Z] [INFO] [PDF] Phone: 0911223344, Occupation: Farmer
[2026-05-26T00:53:19.235Z] [INFO] [PDF DEATH] Deceased: Chaltu Roba, DOD: Tue May 26 2026 00:00:00 GMT+0300 (East Africa Time), Cause: Sickness
[2026-05-26T00:53:19.235Z] [INFO] [PDF] Calling generateCertificate with certificate object containing 70 fields
[2026-05-26T01:05:58.115Z] [INFO] Server running on port 5000
[2026-05-26T01:06:50.091Z] [INFO] Death report 5 created by resident 7
[2026-05-26T01:09:11.846Z] [INFO] Server running on port 5000
[2026-05-26T01:10:10.375Z] [INFO] Death report 6 created by resident 7
[2026-05-26T01:11:56.425Z] [INFO] Server running on port 5000
[2026-05-26T01:13:20.622Z] [INFO] Death report 7 created by resident 7
[2026-05-26T01:13:36.896Z] [INFO] Certificate request 26 created by resident 7
[2026-05-26T01:13:59.000Z] [INFO] Admin 1 assigned certificate 26 to staff 4
[2026-05-26T01:14:38.501Z] [INFO] Staff 4 prepared certificate 26 for admin approval
[2026-05-26T01:14:57.543Z] [INFO] Admin 1 approved certificate 26
[2026-05-26T01:15:33.498Z] [INFO] [PDF] Certificate ID: 26, Type: death
[2026-05-26T01:15:33.498Z] [INFO] [PDF] Resident: Gemechu Daba
[2026-05-26T01:15:33.499Z] [INFO] [PDF] Phone: 0911223344, Occupation: Farmer
[2026-05-26T01:15:33.499Z] [INFO] [PDF DEATH] Deceased: Chaltu Roba, DOD: Tue May 26 2026 00:00:00 GMT+0300 (East Africa Time), Cause: fhfhj
[2026-05-26T01:15:33.500Z] [INFO] [PDF] Calling generateCertificate with certificate object containing 70 fields
[2026-05-26T02:31:45.027Z] [INFO] Server running on port 5000
[2026-05-26T02:34:30.685Z] [INFO] Registration OTP email sent to: peterbekana35@gmail.com
[2026-05-26T02:34:30.803Z] [INFO] Resident registered, awaiting OTP verification: peterbekana35@gmail.com
[2026-05-26T02:35:50.258Z] [INFO] User verified OTP successfully: peterbekana35@gmail.com
[2026-05-26T02:37:12.434Z] [INFO] Forgot password OTP sent via Email/SMS for peterbekana35@gmail.com
[2026-05-26T02:38:32.477Z] [INFO] Password reset successfully for: peterbekana35@gmail.com
[2026-05-26T02:39:47.985Z] [INFO] Marriage relationship 4 created by resident 13
[2026-05-26T03:30:51.743Z] [INFO] Registration OTP email sent to: peterbekana79@gmail.com
[2026-05-26T03:30:51.836Z] [INFO] Resident registered, awaiting OTP verification: peterbekana79@gmail.com
[2026-05-26T03:32:01.859Z] [INFO] User verified OTP successfully: peterbekana79@gmail.com
[2026-05-26T03:35:57.377Z] [INFO] Marriage relationship 5 created by resident 13
[2026-05-26T03:36:19.251Z] [INFO] Certificate request 27 created by resident 13
[2026-05-26T03:37:40.919Z] [INFO] Admin 1 assigned task 19
[2026-05-26T03:37:56.892Z] [INFO] Admin 1 assigned certificate 27 to staff 3
[2026-05-26T03:38:52.791Z] [INFO] Staff 3 prepared certificate 27 for admin approval
[2026-05-26T03:39:19.555Z] [INFO] Admin 1 approved certificate 27
[2026-05-26T03:40:48.685Z] [INFO] Server running on port 5000
[2026-05-26T03:45:16.797Z] [INFO] Server running on port 5000
[2026-05-26T03:47:35.711Z] [INFO] Server running on port 5000
[2026-05-26T04:11:26.977Z] [INFO] Server running on port 5000
[2026-05-26T04:14:59.394Z] [INFO] Server running on port 5000
[2026-05-26T04:37:27.365Z] [INFO] Server running on port 5000
[2026-05-26T04:43:34.085Z] [INFO] Marriage relationship 6 created (pending) by resident 13
[2026-05-26T04:58:33.884Z] [INFO] Server running on port 5000
[2026-05-26T05:00:04.643Z] [INFO] Server running on port 5000
[2026-05-26T05:01:54.634Z] [INFO] Marriage relationship 7 created (pending) by resident 13
[2026-05-26T05:03:05.324Z] [INFO] Certificate request 28 created by resident 13
[2026-05-26T05:03:28.907Z] [INFO] Admin 1 assigned certificate 28 to staff 3
[2026-05-26T05:04:06.182Z] [INFO] Staff 3 prepared certificate 28 for admin approval
[2026-05-26T05:14:51.236Z] [INFO] Server running on port 5000
[2026-05-26T05:16:12.697Z] [INFO] Admin 1 rejected certificate 28
[2026-05-26T05:17:19.563Z] [INFO] Server running on port 5000
[2026-05-26T05:18:41.692Z] [INFO] Marriage relationship 8 created (pending) by resident 13
[2026-05-26T05:19:49.751Z] [INFO] Certificate request 29 created by resident 13
[2026-05-26T05:20:10.421Z] [INFO] Admin 1 assigned certificate 29 to staff 3
[2026-05-26T05:21:03.055Z] [INFO] Staff 3 prepared certificate 29 for admin approval
[2026-05-26T05:24:45.750Z] [INFO] Server running on port 5000
[2026-05-26T05:27:00.896Z] [INFO] Marriage relationship 9 created (pending) by resident 13
[2026-05-26T05:28:06.345Z] [INFO] Certificate request 30 created by resident 13
[2026-05-26T05:28:24.549Z] [INFO] Admin 1 assigned certificate 30 to staff 3
[2026-05-26T05:28:52.805Z] [INFO] Staff 3 prepared certificate 30 for admin approval
[2026-05-26T05:42:05.431Z] [INFO] Server running on port 5000
[2026-05-26T05:46:09.528Z] [INFO] Server running on port 5000
[2026-05-26T05:46:50.448Z] [INFO] Marriage relationship 10 created (pending) by resident 13
[2026-05-26T05:48:10.641Z] [INFO] Certificate request 31 created by resident 13
[2026-05-26T05:48:32.222Z] [INFO] Admin 1 assigned certificate 31 to staff 3
[2026-05-26T05:49:01.884Z] [INFO] Staff 3 prepared certificate 31 for admin approval
[2026-05-26T05:49:25.819Z] [INFO] Admin 1 approved certificate 31
[2026-05-26T05:49:54.784Z] [INFO] [PDF] Certificate ID: 31, Type: marriage
[2026-05-26T05:49:54.784Z] [INFO] [PDF] Resident: Darsema Chala
[2026-05-26T05:49:54.785Z] [INFO] [PDF] Phone: 0917889900, Occupation: Student
[2026-05-26T05:49:54.785Z] [INFO] [PDF MARRIAGE] Husband: Darsema Chala (Sun Jun 25 2000 00:00:00 GMT+0300 (East Africa Time)), Wife: Iftu Negash (Fri Sep 04 1998 00:00:00 GMT+0300 (East Africa Time))
[2026-05-26T05:49:54.786Z] [INFO] [PDF MARRIAGE] Date: Tue May 26 2026 00:00:00 GMT+0300 (East Africa Time), Place: Jimma
[2026-05-26T05:49:54.786Z] [INFO] [PDF] Calling generateCertificate with certificate object containing 66 fields
[2026-05-26T06:33:48.349Z] [INFO] Server running on port 5000
[2026-05-26T07:43:00.882Z] [INFO] Server running on port 5000
[2026-05-26T07:50:36.945Z] [ERROR] Failed to send OTP email to bekanapeter@gmail.com: getaddrinfo ENOTFOUND smtp.gmail.com
[2026-05-26T07:50:37.038Z] [ERROR] CRITICAL: OTP email delivery failed for bekanapeter@gmail.com. OTP is stored in DB.
[2026-05-26T07:51:44.415Z] [ERROR] Failed to resend OTP email to bekanapeter@gmail.com: getaddrinfo ENOTFOUND smtp.gmail.com
[2026-05-26T07:53:27.114Z] [ERROR] Failed to resend OTP email to bekanapeter@gmail.com: getaddrinfo ENOTFOUND smtp.gmail.com
[2026-05-26T07:53:30.737Z] [ERROR] Failed to resend OTP email to bekanapeter@gmail.com: getaddrinfo ENOTFOUND smtp.gmail.com
[2026-05-26T07:53:35.851Z] [ERROR] Failed to resend OTP email to bekanapeter@gmail.com: getaddrinfo ENOTFOUND smtp.gmail.com
[2026-05-26T07:54:38.381Z] [ERROR] Failed to resend OTP email to bekanapeter@gmail.com: getaddrinfo ENOTFOUND smtp.gmail.com
[2026-05-26T08:01:12.956Z] [INFO] Certificate request 32 created by resident 13
[2026-05-26T08:01:48.620Z] [INFO] Admin 1 assigned certificate 32 to staff 5
[2026-05-26T08:03:20.838Z] [INFO] Staff 5 prepared certificate 32 for admin approval
[2026-05-26T08:04:21.555Z] [INFO] Admin 1 approved certificate 32
[2026-05-26T08:05:02.487Z] [INFO] [PDF] Certificate ID: 32, Type: residency-id
[2026-05-26T08:05:02.488Z] [INFO] [PDF] Resident: Darsema Chala
[2026-05-26T08:05:02.488Z] [INFO] [PDF] Phone: 0917889900, Occupation: Student
[2026-05-26T08:05:02.488Z] [INFO] [PDF RESIDENCY] Gender: undefined, DOB: null, Birthplace: undefined
[2026-05-26T08:05:02.488Z] [INFO] [PDF RESIDENCY] Father: null, Mother: null, Spouse: Iftu Negash
[2026-05-26T08:05:02.489Z] [INFO] [PDF RESIDENCY] Address: Kebele 03, Jimma, H-411
[2026-05-26T08:05:02.489Z] [INFO] [PDF] Calling generateCertificate with certificate object containing 67 fields
[2026-05-26T11:49:05.064Z] [INFO] Server running on port 5000
[2026-05-26T11:51:40.767Z] [INFO] Marriage relationship 11 created (pending) by resident 13
[2026-05-26T11:53:29.638Z] [INFO] Certificate request 33 created by resident 13
[2026-05-26T11:54:02.611Z] [INFO] Admin 1 assigned certificate 33 to staff 3
[2026-05-26T11:54:35.761Z] [INFO] Staff 3 prepared certificate 33 for admin approval
[2026-05-26T11:54:54.186Z] [INFO] Admin 1 approved certificate 33
[2026-05-26T11:55:16.569Z] [INFO] [PDF] Certificate ID: 33, Type: marriage
[2026-05-26T11:55:16.570Z] [INFO] [PDF] Resident: Darsema Chala
[2026-05-26T11:55:16.570Z] [INFO] [PDF] Phone: 0917889900, Occupation: Student
[2026-05-26T11:55:16.571Z] [INFO] [PDF MARRIAGE] Husband: Darsema Chala (Sun Jun 25 2000 00:00:00 GMT+0300 (East Africa Time)), Wife: Iftu Negash (Fri Sep 04 1998 00:00:00 GMT+0300 (East Africa Time))
[2026-05-26T11:55:16.571Z] [INFO] [PDF MARRIAGE] Date: Tue May 26 2026 00:00:00 GMT+0300 (East Africa Time), Place: Jimma
[2026-05-26T11:55:16.572Z] [INFO] [PDF] Calling generateCertificate with certificate object containing 66 fields
[2026-05-26T12:02:54.203Z] [INFO] Admin 1 assigned task 20
[2026-05-26T12:22:20.691Z] [INFO] Server running on port 5000
